<?xml version="1.0" encoding="UTF-8"?>
<!-- Generated by org.testng.reporters.JUnitXMLReporter -->
<testsuite ignored="0" hostname="DESKTOP-9QNOC76" failures="0" tests="3" name="Surefire test" time="0.07" errors="0" timestamp="2026-01-05T20:02:06 IST">
  <testcase classname="first.ResultTest" name="testFail" time="0.011"/>
  <testcase classname="first.ResultTest" name="testInvalid" time="0.001"/>
  <testcase classname="first.ResultTest" name="testPass" time="0.001"/>
</testsuite> <!-- Surefire test -->
