<?xml version="1.0" encoding="UTF-8"?>
<testng-results ignored="0" total="3" passed="3" failed="0" skipped="0">
  <reporter-output>
  </reporter-output>
  <suite started-at="2026-01-05T20:02:06 IST" name="Surefire suite" finished-at="2026-01-05T20:02:06 IST" duration-ms="70">
    <groups>
    </groups>
    <test started-at="2026-01-05T20:02:06 IST" name="Surefire test" finished-at="2026-01-05T20:02:06 IST" duration-ms="70">
      <class name="first.ResultTest">
        <test-method signature="testFail()[pri:0, instance:first.ResultTest@69930714]" started-at="2026-01-05T20:02:06 IST" name="testFail" finished-at="2026-01-05T20:02:06 IST" duration-ms="11" status="PASS">
          <reporter-output>
          </reporter-output>
        </test-method> <!-- testFail -->
        <test-method signature="testInvalid()[pri:0, instance:first.ResultTest@69930714]" started-at="2026-01-05T20:02:06 IST" name="testInvalid" finished-at="2026-01-05T20:02:06 IST" duration-ms="1" status="PASS">
          <reporter-output>
          </reporter-output>
        </test-method> <!-- testInvalid -->
        <test-method signature="testPass()[pri:0, instance:first.ResultTest@69930714]" started-at="2026-01-05T20:02:06 IST" name="testPass" finished-at="2026-01-05T20:02:06 IST" duration-ms="1" status="PASS">
          <reporter-output>
          </reporter-output>
        </test-method> <!-- testPass -->
      </class> <!-- first.ResultTest -->
    </test> <!-- Surefire test -->
  </suite> <!-- Surefire suite -->
</testng-results>
